2025-07-09 14:25:08,085 - ERROR - Script failed: 'list' object has no attribute 'get'
2025-07-09 14:25:36,849 - INFO - Checking Adobe...
2025-07-09 14:25:40,265 - INFO - Checking Airwallex...
2025-07-09 14:25:43,411 - INFO - Checking Apple...
2025-07-09 14:25:46,657 - INFO - Checking Atlassian...
2025-07-09 14:25:48,768 - INFO - Checking CBA...
2025-07-09 14:25:52,018 - INFO - Checking Canva...
2025-07-09 14:25:54,114 - INFO - Checking Cisco...
2025-07-09 14:25:58,696 - INFO - Checking CloudFlare...
2025-07-09 14:26:02,482 - INFO - Checking Culture Amp...
2025-07-09 14:26:04,552 - INFO - Checking Databricks...
2025-07-09 14:26:07,088 - INFO - Checking Domain...
2025-07-09 14:26:17,139 - ERROR - Error checking Domain: HTTPSConnectionPool(host='www.domain.com.au', port=443): Read timed out. (read timeout=10)
2025-07-09 14:26:19,149 - INFO - Checking Expedia...
2025-07-09 14:26:22,612 - INFO - Checking NAB...
2025-07-09 14:26:24,784 - INFO - Checking REA group...
2025-07-09 14:26:29,451 - INFO - Checking Rokt...
2025-07-09 14:26:33,278 - INFO - Checking SEEK...
2025-07-09 14:26:35,657 - INFO - Checking SafetyCulture...
2025-07-09 14:26:38,028 - INFO - Checking Salesforce...
2025-07-09 14:26:41,637 - INFO - Checking Slack...
2025-07-09 14:26:44,144 - INFO - Checking Sportsbet...
2025-07-09 14:26:47,564 - INFO - Checking Spotify...
2025-07-09 14:26:51,081 - INFO - Checking Square...
2025-07-09 14:26:54,271 - INFO - Checking The Trade Desk...
2025-07-09 14:26:56,390 - INFO - Checking TikTok...
2025-07-09 14:26:58,745 - INFO - Checking Visa...
2025-07-09 14:27:01,138 - INFO - Checking Westpac...
2025-07-09 14:27:03,736 - INFO - Checking Xero...
2025-07-09 14:27:07,421 - INFO - Checking ZendesK...
2025-07-09 14:27:10,330 - INFO - Checking carsales...
2025-07-09 14:27:12,478 - INFO - Checking envato...
2025-07-09 14:27:16,126 - INFO - Checking kogan...
